<?xml version="1.0" encoding="UTF-8"?>
<testsuite name="com.example.movement.UserControllerTest" tests="2" skipped="0" failures="0" errors="0" timestamp="2024-09-06T21:10:22" hostname="LAPTOP-F4QA5QRP" time="0.823">
  <properties/>
  <testcase name="testRegisterUser_EmailAlreadyRegistered()" classname="com.example.movement.UserControllerTest" time="0.8"/>
  <testcase name="testRegisterUser_Success()" classname="com.example.movement.UserControllerTest" time="0.017"/>
  <system-out><![CDATA[]]></system-out>
  <system-err><![CDATA[]]></system-err>
</testsuite>
